<?xml version="1.0" encoding="UTF-8"?>
<!-- Generated by org.testng.reporters.JUnitReportReporter -->
<testsuite hostname="LAPTOP-NBCD1KMT" failures="0" tests="2" name="TestCase.TestCase2" time="28.645" errors="0" timestamp="2024-02-18T14:16:57 IST" skipped="0">
  <testcase classname="TestCase.TestCase2" name="InitializeBrowser" time="8.492"/>
  <testcase classname="TestCase.TestCase2" name="functional" time="20.153"/>
</testsuite> <!-- TestCase.TestCase2 -->
