<?xml version="1.0" encoding="UTF-8"?>
<!-- Generated by org.testng.reporters.JUnitReportReporter -->
<testsuite hostname="LAPTOP-NBCD1KMT" failures="0" tests="1" name="TestCase.TestCase6" time="9.549" errors="0" timestamp="2024-02-07T22:06:42 IST" skipped="0">
  <testcase classname="TestCase.TestCase6" name="initialize" time="9.549"/>
</testsuite> <!-- TestCase.TestCase6 -->
