<?xml version="1.0" encoding="UTF-8"?>
<!-- Generated by org.testng.reporters.JUnitReportReporter -->
<testsuite hostname="LAPTOP-NBCD1KMT" failures="0" tests="2" name="TestCase.TestCase3" time="12.391" errors="0" timestamp="2024-02-18T14:14:48 IST" skipped="0">
  <testcase classname="TestCase.TestCase3" name="InitializeBrowser" time="7.928"/>
  <testcase classname="TestCase.TestCase3" name="functional" time="4.463"/>
</testsuite> <!-- TestCase.TestCase3 -->
