<?xml version="1.0" encoding="UTF-8"?>
<!-- Generated by org.testng.reporters.JUnitReportReporter -->
<testsuite hostname="LAPTOP-NBCD1KMT" failures="0" tests="3" name="TestCase.TestCase1" time="20.277" errors="0" timestamp="2024-02-18T13:24:07 IST" skipped="0">
  <testcase classname="TestCase.TestCase1" name="InitializeBrowser" time="11.390"/>
  <testcase classname="TestCase.TestCase1" name="FunctionalTest" time="8.143"/>
  <testcase classname="TestCase.TestCase1" name="logout" time="0.744"/>
</testsuite> <!-- TestCase.TestCase1 -->
