<?xml version="1.0" encoding="UTF-8"?>
<!-- Generated by org.testng.reporters.JUnitReportReporter -->
<testsuite hostname="LAPTOP-NBCD1KMT" failures="0" tests="4" name="TestCase.TestCase5" time="58.178" errors="0" timestamp="2024-02-15T12:27:31 IST" skipped="0">
  <testcase classname="TestCase.TestCase5" name="InitializeBrowser" time="4.368"/>
  <testcase classname="TestCase.TestCase5" name="flightbook" time="42.985"/>
  <testcase classname="TestCase.TestCase5" name="functional" time="10.383"/>
  <testcase classname="TestCase.TestCase5" name="logout" time="0.442"/>
</testsuite> <!-- TestCase.TestCase5 -->
