<?xml version="1.0" encoding="UTF-8"?>
<!-- Generated by org.testng.reporters.JUnitReportReporter -->
<testsuite hostname="LAPTOP-NBCD1KMT" failures="0" tests="3" name="TestCase.TestCase1_1" time="19.849" errors="0" timestamp="2024-02-17T12:54:48 IST" skipped="0">
  <testcase classname="TestCase.TestCase1_1" name="InitializeBrowser" time="7.740"/>
  <testcase classname="TestCase.TestCase1_1" name="logout" time="0.831"/>
  <testcase classname="TestCase.TestCase1_1" name="initialize" time="11.278"/>
</testsuite> <!-- TestCase.TestCase1_1 -->
